<?xml version="1.0" encoding="UTF-8"?>
<!-- Generated by org.testng.reporters.JUnitXMLReporter -->
<testsuite hostname="LNAR-PC073LS0" ignored="0" name="search for Resturants" tests="3" failures="0" timestamp="05 Jun 2019 00:59:38 GMT" time="125.077" errors="0">
  <testcase name="searchRestuarantsValid" time="14.43" classname="com.Test.SearchResturantsTest"/>
  <testcase name="searchRestuarantsInvalid" time="0.728" classname="com.Test.SearchResturantsTest"/>
  <testcase name="changeLocationAndSortByDistance" time="50.967" classname="com.Test.SearchResturantsTest"/>
</testsuite> <!-- search for Resturants -->
